Using pre-set license
Built from '2020.3/staging' branch; Version is '2020.3.22f1 (e1a7f79fd887) revision 14788599'; Using compiler version '192528614'; Build Type 'Release'
OS: 'Windows 10 Pro; OS build 19043.1889; Version 2009; 64bit' Language: 'en' Physical Memory: 24369 MB
BatchMode: 1, IsHumanControllingUs: 0, StartBugReporterOnCrash: 0, Is64bit: 1, IsPro: 0

COMMAND LINE ARGUMENTS:
C:\Program Files\2020.3.22f1\Editor\Unity.exe
-adb2
-batchMode
-noUpm
-name
AssetImportWorker0
-projectPath
D:/Unity_Projects/Arknoid
-logFile
Logs/AssetImportWorker0.log
-srvPort
54721
Successfully changed project path to: D:/Unity_Projects/Arknoid
D:/Unity_Projects/Arknoid
Using Asset Import Pipeline V2.
Refreshing native plugins compatible for Editor in 60.70 ms, found 3 plugins.
Preloading 0 native plugins for Editor in 0.00 ms.
Initialize engine version: 2020.3.22f1 (e1a7f79fd887)
[Subsystems] Discovering subsystems at path C:/Program Files/2020.3.22f1/Editor/Data/Resources/UnitySubsystems
[Subsystems] Discovering subsystems at path D:/Unity_Projects/Arknoid/Assets
GfxDevice: creating device client; threaded=0
Direct3D:
    Version:  Direct3D 11.0 [level 11.1]
    Renderer: NVIDIA GeForce GTX 1650 Ti (ID=0x1f95)
    Vendor:   
    VRAM:     3962 MB
    Driver:   30.0.15.1272
Initialize mono
Mono path[0] = 'C:/Program Files/2020.3.22f1/Editor/Data/Managed'
Mono path[1] = 'C:/Program Files/2020.3.22f1/Editor/Data/MonoBleedingEdge/lib/mono/unityjit'
Mono config path = 'C:/Program Files/2020.3.22f1/Editor/Data/MonoBleedingEdge/etc'
Using monoOptions --debugger-agent=transport=dt_socket,embedding=1,server=y,suspend=n,address=127.0.0.1:56096
Begin MonoManager ReloadAssembly
Registering precompiled unity dll's ...
Register platform support module: C:/Program Files/2020.3.22f1/Editor/Data/PlaybackEngines/WebGLSupport/UnityEditor.WebGL.Extensions.dll
Register platform support module: C:/Program Files/2020.3.22f1/Editor/Data/PlaybackEngines/WindowsStandaloneSupport/UnityEditor.WindowsStandalone.Extensions.dll
Registered in 0.003073 seconds.
Native extension for WindowsStandalone target not found
Native extension for WebGL target not found
Refreshing native plugins compatible for Editor in 59.20 ms, found 3 plugins.
Preloading 0 native plugins for Editor in 0.00 ms.
Mono: successfully reloaded assembly
- Completed reload, in  2.619 seconds
Domain Reload Profiling:
	ReloadAssembly (2620ms)
		BeginReloadAssembly (76ms)
			ExecutionOrderSort (0ms)
			DisableScriptedObjects (0ms)
			BackupInstance (0ms)
			ReleaseScriptingObjects (0ms)
			CreateAndSetChildDomain (1ms)
		EndReloadAssembly (665ms)
			LoadAssemblies (73ms)
			RebuildTransferFunctionScriptingTraits (0ms)
			SetupTypeCache (235ms)
			ReleaseScriptCaches (0ms)
			RebuildScriptCaches (45ms)
			SetupLoadedEditorAssemblies (242ms)
				LogAssemblyErrors (0ms)
				InitializePlatformSupportModulesInManaged (7ms)
				SetLoadedEditorAssemblies (1ms)
				RefreshPlugins (59ms)
				BeforeProcessingInitializeOnLoad (24ms)
				ProcessInitializeOnLoadAttributes (112ms)
				ProcessInitializeOnLoadMethodAttributes (39ms)
				AfterProcessingInitializeOnLoad (0ms)
				EditorAssembliesLoaded (0ms)
			ExecutionOrderSort2 (0ms)
			AwakeInstancesAfterBackupRestoration (0ms)
Platform modules already initialized, skipping
Registering precompiled user dll's ...
Registered in 0.004772 seconds.
Begin MonoManager ReloadAssembly
Native extension for WindowsStandalone target not found
Native extension for WebGL target not found
Refreshing native plugins compatible for Editor in 61.24 ms, found 3 plugins.
Preloading 0 native plugins for Editor in 0.00 ms.
Mono: successfully reloaded assembly
- Completed reload, in  1.606 seconds
Domain Reload Profiling:
	ReloadAssembly (1607ms)
		BeginReloadAssembly (207ms)
			ExecutionOrderSort (0ms)
			DisableScriptedObjects (7ms)
			BackupInstance (0ms)
			ReleaseScriptingObjects (0ms)
			CreateAndSetChildDomain (24ms)
		EndReloadAssembly (1314ms)
			LoadAssemblies (128ms)
			RebuildTransferFunctionScriptingTraits (0ms)
			SetupTypeCache (444ms)
			ReleaseScriptCaches (1ms)
			RebuildScriptCaches (70ms)
			SetupLoadedEditorAssemblies (497ms)
				LogAssemblyErrors (0ms)
				InitializePlatformSupportModulesInManaged (7ms)
				SetLoadedEditorAssemblies (0ms)
				RefreshPlugins (61ms)
				BeforeProcessingInitializeOnLoad (111ms)
				ProcessInitializeOnLoadAttributes (286ms)
				ProcessInitializeOnLoadMethodAttributes (22ms)
				AfterProcessingInitializeOnLoad (8ms)
				EditorAssembliesLoaded (0ms)
			ExecutionOrderSort2 (0ms)
			AwakeInstancesAfterBackupRestoration (9ms)
Platform modules already initialized, skipping
========================================================================
Worker process is ready to serve import requests
Launched and connected shader compiler UnityShaderCompiler.exe after 0.05 seconds
Refreshing native plugins compatible for Editor in 0.59 ms, found 3 plugins.
Preloading 0 native plugins for Editor in 0.00 ms.
Unloading 2182 Unused Serialized files (Serialized files now loaded: 0)
System memory in use before: 95.4 MB.
System memory in use after: 95.5 MB.

Unloading 28 unused Assets to reduce memory usage. Loaded Objects now: 2615.
Total: 4.455400 ms (FindLiveObjects: 0.269300 ms CreateObjectMapping: 0.131800 ms MarkObjects: 3.950000 ms  DeleteObjects: 0.103000 ms)

AssetImportParameters requested are different than current active one (requested -> active):
  custom:framework-win-MediaFoundation: 216162199b28c13a410421893ffa2e32 -> 
  custom:video-decoder-ogg-theora: a1e56fd34408186e4bbccfd4996cb3dc -> 
  custom:container-muxer-webm: aa71ff27fc2769a1b78a27578f13a17b -> 
  custom:container-demuxer-webm: 4f35f7cbe854078d1ac9338744f61a02 -> 
  custom:container-demuxer-ogg: 62fdf1f143b41e24485cea50d1cbac27 -> 
  custom:video-encoder-webm-vp8: eb34c28f22e8b96e1ab97ce403110664 -> 
  custom:video-decoder-webm-vp8: 9c59270c3fd7afecdb556c50c9e8de78 -> 
  custom:audio-decoder-ogg-vorbis: bf7c407c2cedff20999df2af8eb42d56 -> 
  custom:audio-encoder-webm-vorbis: bf7c407c2cedff20999df2af8eb42d56 -> 
========================================================================
Received Import Request.
  path: Assets/Artworks
  artifactKey: Guid(9c68e218b1244bc43b5e46d87affb2dc) Importer(815301076,1909f56bfc062723c751e8b465ee728b)
Start importing Assets/Artworks using Guid(9c68e218b1244bc43b5e46d87affb2dc) Importer(815301076,1909f56bfc062723c751e8b465ee728b)  -> (artifact id: '4f7569484582215bc0ae938237441cb6') in 0.012217 seconds 
  Import took 0.016655 seconds .

========================================================================
Received Import Request.
  Time since last request: 4.981339 seconds.
  path: Assets/Artworks/Sprites
  artifactKey: Guid(97d131e3fe92e344cb66819460a60a7f) Importer(815301076,1909f56bfc062723c751e8b465ee728b)
Start importing Assets/Artworks/Sprites using Guid(97d131e3fe92e344cb66819460a60a7f) Importer(815301076,1909f56bfc062723c751e8b465ee728b)  -> (artifact id: '010b262c6a5dc4a315292e8bd5cbfae5') in 0.007299 seconds 
  Import took 0.012184 seconds .

========================================================================
Received Import Request.
  Time since last request: 16.869512 seconds.
  path: Assets/Artworks/Sprites/JyppCjT - Imgur.png
  artifactKey: Guid(4b142b672e6316448abff05ce0bc997f) Importer(815301076,1909f56bfc062723c751e8b465ee728b)
Start importing Assets/Artworks/Sprites/JyppCjT - Imgur.png using Guid(4b142b672e6316448abff05ce0bc997f) Importer(815301076,1909f56bfc062723c751e8b465ee728b)  -> (artifact id: '339854b666aba21b24d3a0f11ac807fd') in 0.129594 seconds 
  Import took 0.134266 seconds .

========================================================================
Received Import Request.
  Time since last request: 0.000362 seconds.
  path: Assets/Artworks/Sprites/MdsL7M4 - Imgur.png
  artifactKey: Guid(f47047d7ae8940b428569e2a2e4fd072) Importer(815301076,1909f56bfc062723c751e8b465ee728b)
Start importing Assets/Artworks/Sprites/MdsL7M4 - Imgur.png using Guid(f47047d7ae8940b428569e2a2e4fd072) Importer(815301076,1909f56bfc062723c751e8b465ee728b)  -> (artifact id: 'ddea4151466e58d38a074e0fa8b4489b') in 0.024259 seconds 
  Import took 0.028914 seconds .

========================================================================
Received Import Request.
  Time since last request: 0.000320 seconds.
  path: Assets/Artworks/Sprites/mz0kBj1 - Imgur.png
  artifactKey: Guid(4d35366c4023868448e66159260b61e2) Importer(815301076,1909f56bfc062723c751e8b465ee728b)
Start importing Assets/Artworks/Sprites/mz0kBj1 - Imgur.png using Guid(4d35366c4023868448e66159260b61e2) Importer(815301076,1909f56bfc062723c751e8b465ee728b)  -> (artifact id: '25611d52915916a93c8752ca37f87331') in 0.020000 seconds 
  Import took 0.024693 seconds .

========================================================================
Received Import Request.
  Time since last request: 0.000304 seconds.
  path: Assets/Artworks/Sprites/xIqZLzL - Imgur.png
  artifactKey: Guid(3b5c1b4dd6777874ba3e55856228252b) Importer(815301076,1909f56bfc062723c751e8b465ee728b)
Start importing Assets/Artworks/Sprites/xIqZLzL - Imgur.png using Guid(3b5c1b4dd6777874ba3e55856228252b) Importer(815301076,1909f56bfc062723c751e8b465ee728b)  -> (artifact id: '3546f64042dd33d347320c251d0ad163') in 0.019536 seconds 
  Import took 0.024218 seconds .

========================================================================
Received Import Request.
  Time since last request: 7.571501 seconds.
  path: Assets/Artworks/Sprites/Background.png
  artifactKey: Guid(f47047d7ae8940b428569e2a2e4fd072) Importer(815301076,1909f56bfc062723c751e8b465ee728b)
Start importing Assets/Artworks/Sprites/Background.png using Guid(f47047d7ae8940b428569e2a2e4fd072) Importer(815301076,1909f56bfc062723c751e8b465ee728b)  -> (artifact id: '25a405be66bbc6172d09978d3f6c2870') in 0.020848 seconds 
  Import took 0.025369 seconds .

========================================================================
Received Import Request.
  Time since last request: 4.392151 seconds.
  path: Assets/Artworks/Sprites/top.png
  artifactKey: Guid(4b142b672e6316448abff05ce0bc997f) Importer(815301076,1909f56bfc062723c751e8b465ee728b)
Start importing Assets/Artworks/Sprites/top.png using Guid(4b142b672e6316448abff05ce0bc997f) Importer(815301076,1909f56bfc062723c751e8b465ee728b)  -> (artifact id: '3ee9bc55072a610092a00c533241a916') in 0.015944 seconds 
  Import took 0.020564 seconds .

========================================================================
Received Import Request.
  Time since last request: 20.357688 seconds.
  path: Assets/Artworks/Sprites/left.png
  artifactKey: Guid(4d35366c4023868448e66159260b61e2) Importer(815301076,1909f56bfc062723c751e8b465ee728b)
Start importing Assets/Artworks/Sprites/left.png using Guid(4d35366c4023868448e66159260b61e2) Importer(815301076,1909f56bfc062723c751e8b465ee728b)  -> (artifact id: 'ea79a442647e2990eab7a06aa48230ab') in 0.015849 seconds 
  Import took 0.020746 seconds .

========================================================================
Received Import Request.
  Time since last request: 5.595390 seconds.
  path: Assets/Artworks/Sprites/right.png
  artifactKey: Guid(3b5c1b4dd6777874ba3e55856228252b) Importer(815301076,1909f56bfc062723c751e8b465ee728b)
Start importing Assets/Artworks/Sprites/right.png using Guid(3b5c1b4dd6777874ba3e55856228252b) Importer(815301076,1909f56bfc062723c751e8b465ee728b)  -> (artifact id: '9305c5ffc3f27afa0f421344e5ac857b') in 0.017337 seconds 
  Import took 0.022384 seconds .

========================================================================
Received Import Request.
  Time since last request: 41.818691 seconds.
  path: Assets/Artworks/Sprites/Background.png
  artifactKey: Guid(f47047d7ae8940b428569e2a2e4fd072) Importer(815301076,1909f56bfc062723c751e8b465ee728b)
Start importing Assets/Artworks/Sprites/Background.png using Guid(f47047d7ae8940b428569e2a2e4fd072) Importer(815301076,1909f56bfc062723c751e8b465ee728b)  -> (artifact id: '9b9a3be4a809f1c4e6ecbbcf13944042') in 0.019089 seconds 
  Import took 0.023818 seconds .

========================================================================
Received Import Request.
  Time since last request: 18.664850 seconds.
  path: Assets/Artworks/Sprites/left.png
  artifactKey: Guid(4d35366c4023868448e66159260b61e2) Importer(815301076,1909f56bfc062723c751e8b465ee728b)
Start importing Assets/Artworks/Sprites/left.png using Guid(4d35366c4023868448e66159260b61e2) Importer(815301076,1909f56bfc062723c751e8b465ee728b)  -> (artifact id: '88ed0d40c127968e11b4bd6305272c95') in 0.011061 seconds 
  Import took 0.015890 seconds .

========================================================================
Received Import Request.
  Time since last request: 7.875975 seconds.
  path: Assets/Artworks/Sprites/right.png
  artifactKey: Guid(3b5c1b4dd6777874ba3e55856228252b) Importer(815301076,1909f56bfc062723c751e8b465ee728b)
Start importing Assets/Artworks/Sprites/right.png using Guid(3b5c1b4dd6777874ba3e55856228252b) Importer(815301076,1909f56bfc062723c751e8b465ee728b)  -> (artifact id: 'fb89bf3946aadc12f408caddc2762c48') in 0.011756 seconds 
  Import took 0.016479 seconds .

========================================================================
Received Import Request.
  Time since last request: 6.733665 seconds.
  path: Assets/Artworks/Sprites/top.png
  artifactKey: Guid(4b142b672e6316448abff05ce0bc997f) Importer(815301076,1909f56bfc062723c751e8b465ee728b)
Start importing Assets/Artworks/Sprites/top.png using Guid(4b142b672e6316448abff05ce0bc997f) Importer(815301076,1909f56bfc062723c751e8b465ee728b)  -> (artifact id: '7b5d255bbb0c5bd02b7a7dff78a1f2d1') in 0.011101 seconds 
  Import took 0.015991 seconds .

